build/app/intermediates/manifest_merge_blame_file/release/manifest-merger-blame-release-report.txt
1<?xml version="1.0" encoding="utf-8"?>
2<manifest xmlns:android="http://schemas.android.com/apk/res/android"
3    package="com.pearl.movielist"
4    android:versionCode="1"
5    android:versionName="1.0.0" >
6
7    <uses-sdk
8        android:minSdkVersion="16"
8-->src/main/AndroidManifest.xml
9        android:targetSdkVersion="30" />
9-->src/main/AndroidManifest.xml
10
11    <uses-permission android:name="android.permission.INTERNET" />
11-->[:google_sign_in] AndroidManifest.xml:7:5-67
11-->[:google_sign_in] AndroidManifest.xml:7:22-64
12    <uses-permission android:name="android.permission.ACCESS_NETWORK_STATE" />
12-->[com.google.firebase:firebase-auth:21.0.1] AndroidManifest.xml:24:5-79
12-->[com.google.firebase:firebase-auth:21.0.1] AndroidManifest.xml:24:22-76
13
14    <application
14-->src/main/AndroidManifest.xml:3:4-40:19
15        android:appComponentFactory="androidx.core.app.CoreComponentFactory"
15-->[androidx.core:core:1.1.0] AndroidManifest.xml:24:18-86
16        android:icon="@mipmap/ic_launcher"
16-->src/main/AndroidManifest.xml:5:9-43
17        android:label="movielist" >
17-->src/main/AndroidManifest.xml:4:9-34
18        <activity
18-->src/main/AndroidManifest.xml:6:9-34:20
19            android:name="com.example.movielist.MainActivity"
19-->src/main/AndroidManifest.xml:7:13-41
20            android:configChanges="orientation|keyboardHidden|keyboard|screenSize|smallestScreenSize|locale|layoutDirection|fontScale|screenLayout|density|uiMode"
20-->src/main/AndroidManifest.xml:10:13-163
21            android:hardwareAccelerated="true"
21-->src/main/AndroidManifest.xml:11:13-47
22            android:launchMode="singleTop"
22-->src/main/AndroidManifest.xml:8:13-43
23            android:theme="@style/LaunchTheme"
23-->src/main/AndroidManifest.xml:9:13-47
24            android:windowSoftInputMode="adjustResize" >
24-->src/main/AndroidManifest.xml:12:13-55
25
26            <!--
27                 Specifies an Android theme to apply to this Activity as soon as
28                 the Android process has started. This theme is visible to the user
29                 while the Flutter UI initializes. After that, this theme continues
30                 to determine the Window background behind the Flutter UI.
31            -->
32            <meta-data
32-->src/main/AndroidManifest.xml:17:13-20:17
33                android:name="io.flutter.embedding.android.NormalTheme"
33-->src/main/AndroidManifest.xml:18:15-70
34                android:resource="@style/NormalTheme" />
34-->src/main/AndroidManifest.xml:19:15-52
35            <!--
36                 Displays an Android View that continues showing the launch screen
37                 Drawable until Flutter paints its first frame, then this splash
38                 screen fades out. A splash screen is useful to avoid any visual
39                 gap between the end of Android's launch screen and the painting of
40                 Flutter's first frame.
41            -->
42            <meta-data
42-->src/main/AndroidManifest.xml:26:13-29:17
43                android:name="io.flutter.embedding.android.SplashScreenDrawable"
43-->src/main/AndroidManifest.xml:27:15-79
44                android:resource="@drawable/launch_background" />
44-->src/main/AndroidManifest.xml:28:15-61
45
46            <intent-filter>
46-->src/main/AndroidManifest.xml:30:13-33:29
47                <action android:name="android.intent.action.MAIN" />
47-->src/main/AndroidManifest.xml:31:17-68
47-->src/main/AndroidManifest.xml:31:25-66
48
49                <category android:name="android.intent.category.LAUNCHER" />
49-->src/main/AndroidManifest.xml:32:17-76
49-->src/main/AndroidManifest.xml:32:27-74
50            </intent-filter>
51        </activity>
52        <!--
53             Don't delete the meta-data below.
54             This is used by the Flutter tool to generate GeneratedPluginRegistrant.java
55        -->
56        <meta-data
56-->src/main/AndroidManifest.xml:37:9-39:33
57            android:name="flutterEmbedding"
57-->src/main/AndroidManifest.xml:38:13-44
58            android:value="2" />
58-->src/main/AndroidManifest.xml:39:13-30
59
60        <service
60-->[:firebase_auth] AndroidManifest.xml:8:9-12:19
61            android:name="com.google.firebase.components.ComponentDiscoveryService"
61-->[:firebase_auth] AndroidManifest.xml:8:18-89
62            android:directBootAware="true"
62-->[com.google.firebase:firebase-common:20.0.0] AndroidManifest.xml:35:13-43
63            android:exported="false" >
63-->[com.google.firebase:firebase-auth:21.0.1] AndroidManifest.xml:76:13-37
64            <meta-data
64-->[:firebase_auth] AndroidManifest.xml:9:13-11:85
65                android:name="com.google.firebase.components:io.flutter.plugins.firebase.auth.FlutterFirebaseAuthRegistrar"
65-->[:firebase_auth] AndroidManifest.xml:10:17-124
66                android:value="com.google.firebase.components.ComponentRegistrar" />
66-->[:firebase_auth] AndroidManifest.xml:11:17-82
67            <meta-data
67-->[:firebase_core] AndroidManifest.xml:9:13-11:85
68                android:name="com.google.firebase.components:io.flutter.plugins.firebase.core.FlutterFirebaseCoreRegistrar"
68-->[:firebase_core] AndroidManifest.xml:10:17-124
69                android:value="com.google.firebase.components.ComponentRegistrar" />
69-->[:firebase_core] AndroidManifest.xml:11:17-82
70            <meta-data
70-->[com.google.firebase:firebase-auth:21.0.1] AndroidManifest.xml:77:13-79:85
71                android:name="com.google.firebase.components:com.google.firebase.auth.FirebaseAuthRegistrar"
71-->[com.google.firebase:firebase-auth:21.0.1] AndroidManifest.xml:78:17-109
72                android:value="com.google.firebase.components.ComponentRegistrar" />
72-->[com.google.firebase:firebase-auth:21.0.1] AndroidManifest.xml:79:17-82
73        </service>
74
75        <provider
75-->[:image_picker] AndroidManifest.xml:8:9-16:20
76            android:name="io.flutter.plugins.imagepicker.ImagePickerFileProvider"
76-->[:image_picker] AndroidManifest.xml:9:13-82
77            android:authorities="com.pearl.movielist.flutter.image_provider"
77-->[:image_picker] AndroidManifest.xml:10:13-74
78            android:exported="false"
78-->[:image_picker] AndroidManifest.xml:11:13-37
79            android:grantUriPermissions="true" >
79-->[:image_picker] AndroidManifest.xml:12:13-47
80            <meta-data
80-->[:image_picker] AndroidManifest.xml:13:13-15:75
81                android:name="android.support.FILE_PROVIDER_PATHS"
81-->[:image_picker] AndroidManifest.xml:14:17-67
82                android:resource="@xml/flutter_image_picker_file_paths" />
82-->[:image_picker] AndroidManifest.xml:15:17-72
83        </provider>
84
85        <activity
85-->[com.google.firebase:firebase-auth:21.0.1] AndroidManifest.xml:27:9-44:20
86            android:name="com.google.firebase.auth.internal.GenericIdpActivity"
86-->[com.google.firebase:firebase-auth:21.0.1] AndroidManifest.xml:28:13-80
87            android:excludeFromRecents="true"
87-->[com.google.firebase:firebase-auth:21.0.1] AndroidManifest.xml:29:13-46
88            android:exported="true"
88-->[com.google.firebase:firebase-auth:21.0.1] AndroidManifest.xml:30:13-36
89            android:launchMode="singleTask"
89-->[com.google.firebase:firebase-auth:21.0.1] AndroidManifest.xml:31:13-44
90            android:theme="@android:style/Theme.Translucent.NoTitleBar" >
90-->[com.google.firebase:firebase-auth:21.0.1] AndroidManifest.xml:32:13-72
91            <intent-filter>
91-->[com.google.firebase:firebase-auth:21.0.1] AndroidManifest.xml:33:13-43:29
92                <action android:name="android.intent.action.VIEW" />
92-->[com.google.firebase:firebase-auth:21.0.1] AndroidManifest.xml:34:17-69
92-->[com.google.firebase:firebase-auth:21.0.1] AndroidManifest.xml:34:25-66
93
94                <category android:name="android.intent.category.DEFAULT" />
94-->[com.google.firebase:firebase-auth:21.0.1] AndroidManifest.xml:36:17-76
94-->[com.google.firebase:firebase-auth:21.0.1] AndroidManifest.xml:36:27-73
95                <category android:name="android.intent.category.BROWSABLE" />
95-->[com.google.firebase:firebase-auth:21.0.1] AndroidManifest.xml:37:17-78
95-->[com.google.firebase:firebase-auth:21.0.1] AndroidManifest.xml:37:27-75
96
97                <data
97-->[com.google.firebase:firebase-auth:21.0.1] AndroidManifest.xml:39:17-42:51
98                    android:host="firebase.auth"
98-->[com.google.firebase:firebase-auth:21.0.1] AndroidManifest.xml:40:21-49
99                    android:path="/"
99-->[com.google.firebase:firebase-auth:21.0.1] AndroidManifest.xml:41:21-37
100                    android:scheme="genericidp" />
100-->[com.google.firebase:firebase-auth:21.0.1] AndroidManifest.xml:42:21-48
101            </intent-filter>
102        </activity>
103        <activity
103-->[com.google.firebase:firebase-auth:21.0.1] AndroidManifest.xml:45:9-62:20
104            android:name="com.google.firebase.auth.internal.RecaptchaActivity"
104-->[com.google.firebase:firebase-auth:21.0.1] AndroidManifest.xml:46:13-79
105            android:excludeFromRecents="true"
105-->[com.google.firebase:firebase-auth:21.0.1] AndroidManifest.xml:47:13-46
106            android:exported="true"
106-->[com.google.firebase:firebase-auth:21.0.1] AndroidManifest.xml:48:13-36
107            android:launchMode="singleTask"
107-->[com.google.firebase:firebase-auth:21.0.1] AndroidManifest.xml:49:13-44
108            android:theme="@android:style/Theme.Translucent.NoTitleBar" >
108-->[com.google.firebase:firebase-auth:21.0.1] AndroidManifest.xml:50:13-72
109            <intent-filter>
109-->[com.google.firebase:firebase-auth:21.0.1] AndroidManifest.xml:51:13-61:29
110                <action android:name="android.intent.action.VIEW" />
110-->[com.google.firebase:firebase-auth:21.0.1] AndroidManifest.xml:34:17-69
110-->[com.google.firebase:firebase-auth:21.0.1] AndroidManifest.xml:34:25-66
111
112                <category android:name="android.intent.category.DEFAULT" />
112-->[com.google.firebase:firebase-auth:21.0.1] AndroidManifest.xml:36:17-76
112-->[com.google.firebase:firebase-auth:21.0.1] AndroidManifest.xml:36:27-73
113                <category android:name="android.intent.category.BROWSABLE" />
113-->[com.google.firebase:firebase-auth:21.0.1] AndroidManifest.xml:37:17-78
113-->[com.google.firebase:firebase-auth:21.0.1] AndroidManifest.xml:37:27-75
114
115                <data
115-->[com.google.firebase:firebase-auth:21.0.1] AndroidManifest.xml:39:17-42:51
116                    android:host="firebase.auth"
116-->[com.google.firebase:firebase-auth:21.0.1] AndroidManifest.xml:40:21-49
117                    android:path="/"
117-->[com.google.firebase:firebase-auth:21.0.1] AndroidManifest.xml:41:21-37
118                    android:scheme="recaptcha" />
118-->[com.google.firebase:firebase-auth:21.0.1] AndroidManifest.xml:42:21-48
119            </intent-filter>
120        </activity>
121
122        <service
122-->[com.google.firebase:firebase-auth:21.0.1] AndroidManifest.xml:64:9-73:19
123            android:name="com.google.firebase.auth.api.fallback.service.FirebaseAuthFallbackService"
123-->[com.google.firebase:firebase-auth:21.0.1] AndroidManifest.xml:65:13-101
124            android:enabled="true"
124-->[com.google.firebase:firebase-auth:21.0.1] AndroidManifest.xml:66:13-35
125            android:exported="false" >
125-->[com.google.firebase:firebase-auth:21.0.1] AndroidManifest.xml:67:13-37
126            <intent-filter>
126-->[com.google.firebase:firebase-auth:21.0.1] AndroidManifest.xml:68:13-72:29
127                <action android:name="com.google.firebase.auth.api.gms.service.START" />
127-->[com.google.firebase:firebase-auth:21.0.1] AndroidManifest.xml:69:17-89
127-->[com.google.firebase:firebase-auth:21.0.1] AndroidManifest.xml:69:25-86
128
129                <category android:name="android.intent.category.DEFAULT" />
129-->[com.google.firebase:firebase-auth:21.0.1] AndroidManifest.xml:36:17-76
129-->[com.google.firebase:firebase-auth:21.0.1] AndroidManifest.xml:36:27-73
130            </intent-filter>
131        </service>
132
133        <provider
133-->[com.google.firebase:firebase-common:20.0.0] AndroidManifest.xml:26:9-31:39
134            android:name="com.google.firebase.provider.FirebaseInitProvider"
134-->[com.google.firebase:firebase-common:20.0.0] AndroidManifest.xml:27:13-77
135            android:authorities="com.pearl.movielist.firebaseinitprovider"
135-->[com.google.firebase:firebase-common:20.0.0] AndroidManifest.xml:28:13-72
136            android:directBootAware="true"
136-->[com.google.firebase:firebase-common:20.0.0] AndroidManifest.xml:29:13-43
137            android:exported="false"
137-->[com.google.firebase:firebase-common:20.0.0] AndroidManifest.xml:30:13-37
138            android:initOrder="100" />
138-->[com.google.firebase:firebase-common:20.0.0] AndroidManifest.xml:31:13-36
139
140        <activity
140-->[com.google.android.gms:play-services-auth:16.0.1] AndroidManifest.xml:23:9-27:75
141            android:name="com.google.android.gms.auth.api.signin.internal.SignInHubActivity"
141-->[com.google.android.gms:play-services-auth:16.0.1] AndroidManifest.xml:24:13-93
142            android:excludeFromRecents="true"
142-->[com.google.android.gms:play-services-auth:16.0.1] AndroidManifest.xml:25:13-46
143            android:exported="false"
143-->[com.google.android.gms:play-services-auth:16.0.1] AndroidManifest.xml:26:13-37
144            android:theme="@android:style/Theme.Translucent.NoTitleBar" />
144-->[com.google.android.gms:play-services-auth:16.0.1] AndroidManifest.xml:27:13-72
145        <!--
146            Service handling Google Sign-In user revocation. For apps that do not integrate with
147            Google Sign-In, this service will never be started.
148        -->
149        <service
149-->[com.google.android.gms:play-services-auth:16.0.1] AndroidManifest.xml:33:9-36:110
150            android:name="com.google.android.gms.auth.api.signin.RevocationBoundService"
150-->[com.google.android.gms:play-services-auth:16.0.1] AndroidManifest.xml:34:13-89
151            android:exported="true"
151-->[com.google.android.gms:play-services-auth:16.0.1] AndroidManifest.xml:35:13-36
152            android:permission="com.google.android.gms.auth.api.signin.permission.REVOCATION_NOTIFICATION" />
152-->[com.google.android.gms:play-services-auth:16.0.1] AndroidManifest.xml:36:13-107
153
154        <activity
154-->[com.google.android.gms:play-services-base:17.1.0] AndroidManifest.xml:23:9-26:75
155            android:name="com.google.android.gms.common.api.GoogleApiActivity"
155-->[com.google.android.gms:play-services-base:17.1.0] AndroidManifest.xml:24:13-79
156            android:exported="false"
156-->[com.google.android.gms:play-services-base:17.1.0] AndroidManifest.xml:25:13-37
157            android:theme="@android:style/Theme.Translucent.NoTitleBar" />
157-->[com.google.android.gms:play-services-base:17.1.0] AndroidManifest.xml:26:13-72
158
159        <meta-data
159-->[com.google.android.gms:play-services-basement:17.1.0] AndroidManifest.xml:23:9-25:69
160            android:name="com.google.android.gms.version"
160-->[com.google.android.gms:play-services-basement:17.1.0] AndroidManifest.xml:24:13-58
161            android:value="@integer/google_play_services_version" />
161-->[com.google.android.gms:play-services-basement:17.1.0] AndroidManifest.xml:25:13-66
162    </application>
163
164</manifest>